"../../../../../../Users/James/Documents/Unreal Projects/RifleProject/Content/Geometry/Meshes/CubeMaterial.uasset" 0
"../../../../../../Users/James/Documents/Unreal Projects/RifleProject/Content/Geometry/Meshes/1M_Cube_Chamfer.uasset" 1
"../../../../../../Users/James/Documents/Unreal Projects/RifleProject/Content/Geometry/Meshes/TemplateFloor.uasset" 2
"../../../../../../Users/James/Documents/Unreal Projects/RifleProject/Content/VirtualReality/Materials/M_BaseMaterial.uasset" 3
"../../../../../../Users/James/Documents/Unreal Projects/RifleProject/Content/VirtualReality/Materials/MI_BaseMaterial2.uasset" 4
"../../../../../../Users/James/Documents/Unreal Projects/RifleProject/Content/VirtualReality/Materials/MI_BaseMaterial3.uasset" 5
"../../../../../../Users/James/Documents/Unreal Projects/RifleProject/Content/VirtualReality/Materials/GenericHMDMaterial.uasset" 6
"../../../../../../Users/James/Documents/Unreal Projects/RifleProject/Content/VirtualReality/Meshes/GenericHMD.uasset" 7
"../../../../../../Users/James/Documents/Unreal Projects/RifleProject/Content/VirtualRealityBP/Blueprints/PickupActorInterface.uasset" 8
"../../../../../../Users/James/Documents/Unreal Projects/RifleProject/Content/VirtualReality/Materials/MI_SmallCubes.uasset" 9
"../../../../../../Users/James/Documents/Unreal Projects/RifleProject/Content/Geometry/Meshes/1M_Cube.uasset" 10
"../../../../../../Users/James/Documents/Unreal Projects/RifleProject/Content/VirtualRealityBP/Blueprints/BP_PickupCube.uasset" 11
"../../../Engine/Content/Functions/Engine_MaterialFunctions02/Utility/BreakOutFloat2Components.uasset" 12
"../../../Engine/Content/Functions/Engine_MaterialFunctions01/Texturing/ScaleUVsByCenter.uasset" 13
"../../../Engine/Content/Functions/Engine_MaterialFunctions02/ScreenResolution.uasset" 14
"../../../Engine/Content/Functions/Engine_MaterialFunctions02/Texturing/ScreenAlignedUVs.uasset" 15
"../../../Engine/Content/Functions/Engine_MaterialFunctions02/Utility/CameraDirectionVector.uasset" 16
"../../../Engine/Content/Functions/Engine_MaterialFunctions02/Utility/DepthFromWorldPosition.uasset" 17
"../../../../../../Users/James/Documents/Unreal Projects/RifleProject/Content/VirtualReality/Materials/MF_OccludedPixels.uasset" 18
"../../../../../../Users/James/Documents/Unreal Projects/RifleProject/Content/VirtualReality/Materials/TeleportMCP.uasset" 19
"../../../Engine/Content/EngineMaterials/Good64x64TilingNoiseHighFreq.uasset" 20
"../../../../../../Users/James/Documents/Unreal Projects/RifleProject/Content/VirtualReality/Materials/M_ArcEndpoint.uasset" 21
"../../../../../../Users/James/Documents/Unreal Projects/RifleProject/Content/VirtualReality/Materials/M_TeleportPreviews.uasset" 22
"../../../../../../Users/James/Documents/Unreal Projects/RifleProject/Content/VirtualReality/Materials/MI_TeleportCylinderPreview.uasset" 23
"../../../Engine/Content/Functions/Engine_MaterialFunctions01/Opacity/CameraDepthFade.uasset" 24
"../../../Engine/Content/EngineMaterials/T_Default_Material_Grid_M.uasset" 25
"../../../Engine/Content/EngineMaterials/T_Default_Material_Grid_N.uasset" 26
"../../../Engine/Content/EngineMaterials/DefaultMaterial.uasset" 27
"../../../Engine/Content/BasicShapes/Cylinder.uasset" 28
"../../../Engine/Content/EngineMaterials/WorldGridMaterial.uasset" 29
"../../../../../../Users/James/Documents/Unreal Projects/RifleProject/Content/VirtualReality/Meshes/BeaconDirection.uasset" 30
"../../../../../../Users/James/Documents/Unreal Projects/RifleProject/Content/VirtualReality/Meshes/SM_FatCylinder.uasset" 31
"../../../../../../Users/James/Documents/Unreal Projects/RifleProject/Content/VirtualRealityBP/Blueprints/HMDLocomotionPawn.uasset" 32
"../../../Engine/Content/ArtTools/RenderToTexture/Meshes/S_1_Unit_Plane.uasset" 33
"../../../Engine/Content/EditorLandscapeResources/DataLayer.uasset" 34
"../../../Engine/Content/EditorMaterials/GizmoMaterial.uasset" 35
"../../../Engine/Content/EditorMaterials/MAT_Groups_Toggle.uasset" 36
"../../../Engine/Content/EditorMaterials/MAT_Groups_Visibility.uasset" 37
"../../../Engine/Content/EditorMaterials/PreviewShadowIndicator.uasset" 38
"../../../Engine/Content/EditorMaterials/PreviewShadowIndicatorMaterial.uasset" 39
"../../../Engine/Content/EditorMaterials/MatineeGroups/MAT_ColorTrack.uasset" 40
"../../../Engine/Content/EditorMaterials/MatineeGroups/MAT_Groups_Anim.uasset" 41
"../../../Engine/Content/EditorMaterials/MatineeGroups/MAT_Groups_AudioMaster.uasset" 42
"../../../Engine/Content/EditorMaterials/MatineeGroups/MAT_Groups_Director.uasset" 43
"../../../Engine/Content/EditorMaterials/MatineeGroups/MAT_Groups_Event.uasset" 44
"../../../Engine/Content/EditorMaterials/MatineeGroups/MAT_Groups_Fade.uasset" 45
"../../../Engine/Content/EditorMaterials/MatineeGroups/MAT_Groups_Float.uasset" 46
"../../../Engine/Content/EditorMaterials/MatineeGroups/MAT_Groups_Move.uasset" 47
"../../../Engine/Content/EditorMaterials/MatineeGroups/MAT_Groups_Slomo.uasset" 48
"../../../Engine/Content/EditorMaterials/MatineeGroups/MAT_Groups_Sound.uasset" 49
"../../../Engine/Content/EditorMaterials/MatineeGroups/MAT_Groups_Vector.uasset" 50
"../../../Engine/Content/EditorMaterials/ParticleSystems/PSysThumbnail_NoImage.uasset" 51
"../../../Engine/Content/EditorMaterials/ParticleSystems/PSysThumbnail_OOD.uasset" 52
"../../../Engine/Content/EditorMaterials/Camera/CineMat.uasset" 53
"../../../Engine/Content/EditorMaterials/Camera/MI_CineMat_Rig.uasset" 54
"../../../Engine/Content/EditorMeshes/Camera/SM_CraneRig_Arm.uasset" 55
"../../../Engine/Content/EditorMeshes/Camera/SM_CraneRig_Base.uasset" 56
"../../../Engine/Content/EditorMeshes/Camera/SM_CraneRig_Body.uasset" 57
"../../../Engine/Content/EditorMeshes/Camera/SM_CraneRig_Mount.uasset" 58
"../../../Engine/Content/EditorMeshes/Camera/SM_RailRig_Mount.uasset" 59
"../../../Engine/Content/EditorMeshes/Camera/SM_RailRig_Track.uasset" 60
"../../../Engine/Content/EditorResources/BSPVertex.uasset" 61
"../../../Engine/Content/EditorResources/EmptyActor.uasset" 62
"../../../Engine/Content/EditorResources/S_Actor.uasset" 63
"../../../Engine/Content/EditorResources/S_Trigger.uasset" 64
"../../../Engine/Content/EditorResources/AudioIcons/S_AudioComponent_AutoActivate.uasset" 65
"../../../Engine/Content/EditorResources/LightIcons/S_LightError.uasset" 66
"../../../Engine/Content/EditorResources/SequenceRecorder/Countdown.uasset" 67
"../../../Engine/Content/EditorResources/SequenceRecorder/RecordingIndicator.uasset" 68
"../../../Engine/Content/EditorSounds/Notifications/CompileFailed.uasset" 69
"../../../Engine/Content/EditorSounds/Notifications/CompileFailed_Cue.uasset" 70
"../../../Engine/Content/EditorSounds/Notifications/CompileSuccess.uasset" 71
"../../../Engine/Content/EditorSounds/Notifications/CompileStart_Cue.uasset" 72
"../../../Engine/Content/EditorSounds/Notifications/CompileSuccess_Cue.uasset" 73
"../../../Engine/Content/EngineDamageTypes/DmgTypeBP_Environmental.uasset" 74
"../../../Engine/Content/EngineDebugMaterials/HeatmapGradient.uasset" 75
"../../../Engine/Content/EngineDebugMaterials/BoneWeightMaterial.uasset" 76
"../../../Engine/Content/EngineDebugMaterials/ClothMaterial.uasset" 77
"../../../Engine/Content/EngineDebugMaterials/ClothMaterial_WF.uasset" 78
"../../../Engine/Content/EngineDebugMaterials/DebugEditorMaterial.uasset" 79
"../../../Engine/Content/EngineDebugMaterials/DebugMeshMaterial.uasset" 80
"../../../Engine/Content/EngineDebugMaterials/GeomMaterial.uasset" 81
"../../../Engine/Content/EngineDebugMaterials/M_SimpleTranslucent.uasset" 82
"../../../Engine/Content/EngineFonts/Faces/RobotoBold.uasset" 83
"../../../Engine/Content/EngineFonts/Faces/RobotoBoldItalic.uasset" 84
"../../../Engine/Content/EngineFonts/Faces/RobotoItalic.uasset" 85
"../../../Engine/Content/EngineFonts/Faces/RobotoLight.uasset" 86
"../../../Engine/Content/EngineFonts/Faces/RobotoRegular.uasset" 87
"../../../Engine/Content/EngineFonts/Roboto.uasset" 88
"../../../Engine/Content/EngineFonts/Faces/RobotoTiny.uasset" 89
"../../../Engine/Content/EngineFonts/RobotoTiny.uasset" 90
"../../../Engine/Content/EngineMaterials/BaseFlattenDiffuseMap.uasset" 91
"../../../Engine/Content/EngineMaterials/BaseFlattenEmissiveMap.uasset" 92
"../../../Engine/Content/EngineMaterials/BaseFlattenGrayscaleMap.uasset" 93
"../../../Engine/Content/EngineMaterials/BaseFlattenNormalMap.uasset" 94
"../../../Engine/Content/EngineMaterials/BaseFlattenMaterial.uasset" 95
"../../../Engine/Content/EngineMaterials/DefaultBloomKernel.uasset" 96
"../../../Engine/Content/EngineMaterials/DefaultBokeh.uasset" 97
"../../../Engine/Content/EngineMaterials/DefaultDiffuse.uasset" 98
"../../../Engine/Content/EngineMaterials/DefaultDeferredDecalMaterial.uasset" 99
"../../../Engine/Content/EngineMaterials/DefaultLightFunctionMaterial.uasset" 100
"../../../Engine/Content/EngineMaterials/DefaultPhysicalMaterial.uasset" 101
"../../../Engine/Content/EngineMaterials/DefaultPostProcessMaterial.uasset" 102
"../../../Engine/Content/EngineFonts/RobotoDistanceField.uasset" 103
"../../../Engine/Content/EngineMaterials/DefaultTextMaterialOpaque.uasset" 104
"../../../Engine/Content/EngineMaterials/DefaultWhiteGrid.uasset" 105
"../../../Engine/Content/EngineMaterials/EditorBrushMaterial.uasset" 106
"../../../Engine/Content/EngineMaterials/MiniFont.uasset" 107
"../../../Engine/Content/EngineMaterials/InvalidLightmapSettings.uasset" 108
"../../../Engine/Content/EngineMaterials/M_InvalidLightmapSettings.uasset" 109
"../../../Engine/Content/Functions/Engine_MaterialFunctions02/WorldPositionOffset/CameraOffset.uasset" 110
"../../../Engine/Content/EngineMaterials/PhAT_JointLimitMaterial.uasset" 111
"../../../Engine/Content/EngineMaterials/PreintegratedSkinBRDF.uasset" 112
"../../../Engine/Content/EngineMaterials/RemoveSurfaceMaterial.uasset" 113
"../../../Engine/Content/EngineMaterials/WeightMapPlaceholderTexture.uasset" 114
"../../../Engine/Content/EngineResources/WhiteSquareTexture.uasset" 115
"../../../Engine/Content/EngineMaterials/Widget3DPassThrough.uasset" 116
"../../../Engine/Content/EngineMaterials/Widget3DPassThrough_Masked.uasset" 117
"../../../Engine/Content/EngineMaterials/Widget3DPassThrough_Opaque.uasset" 118
"../../../Engine/Content/EngineMaterials/Widget3DPassThrough_Masked_OneSided.uasset" 119
"../../../Engine/Content/EngineMaterials/Widget3DPassThrough_Opaque_OneSided.uasset" 120
"../../../Engine/Content/EngineMaterials/Widget3DPassThrough_Translucent.uasset" 121
"../../../Engine/Content/EngineMaterials/Widget3DPassThrough_Translucent_OneSided.uasset" 122
"../../../Engine/Content/EngineMeshes/Cylinder.uasset" 123
"../../../Engine/Content/EngineMeshes/Sphere.uasset" 124
"../../../Engine/Content/EngineResources/Black.uasset" 125
"../../../Engine/Content/EngineResources/DefaultTexture.uasset" 126
"../../../Engine/Content/EngineResources/DefaultTextureCube.uasset" 127
"../../../Engine/Content/EngineResources/DefaultVolumeTexture2D.uasset" 128
"../../../Engine/Content/EngineResources/DefaultVolumeTexture.uasset" 129
"../../../Engine/Content/EngineResources/GradientTexture0.uasset" 130
"../../../Engine/Content/EngineSounds/Master.uasset" 131
"../../../Engine/Content/Functions/Engine_MaterialFunctions01/Shading/ConvertFromDiffSpec.uasset" 132
"../../../Engine/Content/Functions/Engine_MaterialFunctions01/Shading/PowerToRoughness.uasset" 133
"../../../Engine/Content/Maps/Templates/Thumbnails/Default.uasset" 134
"../../../Engine/Content/Maps/Templates/Thumbnails/VR-Basic.uasset" 135
"../../../Engine/Content/MobileResources/T_MobileControls_texture.uasset" 136
"../../../Engine/Content/MobileResources/T_MobileMenu2.uasset" 137
"../../../Engine/Content/MobileResources/HUD/AnalogHat.uasset" 138
"../../../Engine/Content/MobileResources/HUD/VirtualJoystick_Background.uasset" 139
"../../../Engine/Content/MobileResources/HUD/VirtualJoystick_Thumb.uasset" 140
"../../../Engine/Content/MobileResources/HUD/DefaultVirtualJoysticks.uasset" 141
"../../../Engine/Content/MobileResources/HUD/LeftVirtualJoystickOnly.uasset" 142
"../../../Engine/Content/MobileResources/HUD/MobileHUDButton1_off.uasset" 143
"../../../Engine/Content/MobileResources/HUD/MobileHUDButton1_on.uasset" 144
"../../../Engine/Content/MobileResources/HUD/MobileHUDButton2_off.uasset" 145
"../../../Engine/Content/MobileResources/HUD/MobileHUDButton2_on.uasset" 146
"../../../Engine/Content/MobileResources/HUD/MobileHUDButton3.uasset" 147
"../../../Engine/Content/MobileResources/HUD/MobileHUDButtonFire.uasset" 148
"../../../Engine/Content/MobileResources/HUD/MobileHUDDirectionPad.uasset" 149
"../../../Engine/Content/MobileResources/HUD/MobileHUDDirectionPad2.uasset" 150
"../../../Engine/Content/MobileResources/HUD/MobileHUDDirectionPad3.uasset" 151
"../../../Engine/Content/MobileResources/HUD/MobileHUDDirectionStick.uasset" 152
"../../../Engine/Content/MobileResources/HUD/T_Castle_ThumbstickInner.uasset" 153
"../../../Engine/Content/MobileResources/HUD/T_Castle_ThumbstickOutter.uasset" 154
"../../../Engine/Content/Tutorial/ContentIntroCurve.uasset" 155
"../../../Engine/Content/Tutorial/Basics/TutorialAssets/icon_tab_Levels_40x.uasset" 156
"../../../Engine/Content/VREditor/LaserPointer/VR_LaserPower_01.uasset" 157
"../../../Engine/Content/VREditor/TransformGizmo/TransformGizmoMaterial.uasset" 158
"../../../Engine/Content/VREditor/TransformGizmo/TranslucentTransformGizmoMaterial.uasset" 159
"../../../Engine/Content/VREditor/TransformGizmo/BoundingBoxCorner.uasset" 160
"../../../Engine/Content/VREditor/TransformGizmo/BoundingBoxEdge.uasset" 161
"../../../Engine/Content/VREditor/TransformGizmo/PlaneTranslationHandle.uasset" 162
"../../../Engine/Content/VREditor/TransformGizmo/Main.uasset" 163
"../../../Engine/Content/VREditor/TransformGizmo/Xray.uasset" 164
"../../../Engine/Content/VREditor/TransformGizmo/SM_Sequencer_Key.uasset" 165
"../../../Engine/Content/VREditor/TransformGizmo/SM_Sequencer_Node.uasset" 166
"../../Plugins/2D/Paper2D/Content/PlaceholderTextures/DummySpriteTexture.uasset" 167
"../../Plugins/2D/Paper2D/Content/DummySprite.uasset" 168
"../../Plugins/2D/Paper2D/Content/DefaultPaperTerrainMaterial.uasset" 169
"../../Plugins/2D/Paper2D/Content/DefaultSpriteMaterial.uasset" 170
"../../Plugins/2D/Paper2D/Content/MaskedUnlitSpriteMaterial.uasset" 171
"../../Plugins/2D/Paper2D/Content/OpaqueUnlitSpriteMaterial.uasset" 172
"../../Plugins/Runtime/Oculus/OculusVR/Content/Materials/PokeAHoleMaterial.uasset" 173
"../../Plugins/Runtime/Oculus/OculusVR/Content/Textures/GearVRController_AO.uasset" 174
"../../Plugins/Runtime/Oculus/OculusVR/Content/Textures/GearVRController_Color.uasset" 175
"../../Plugins/Runtime/Oculus/OculusVR/Content/Textures/GearVRController_Normal.uasset" 176
"../../Plugins/Runtime/Oculus/OculusVR/Content/Materials/GearVRControllerMaterial.uasset" 177
"../../Plugins/Runtime/Oculus/OculusVR/Content/Meshes/GearVrController.uasset" 178
"../../Plugins/Runtime/Oculus/OculusVR/Content/Textures/touchController_albedo.uasset" 179
"../../Plugins/Runtime/Oculus/OculusVR/Content/Textures/touchController_controlmap.uasset" 180
"../../Plugins/Runtime/Oculus/OculusVR/Content/Materials/touchController_mat.uasset" 181
"../../Plugins/Runtime/Oculus/OculusVR/Content/Meshes/LeftTouchController.uasset" 182
"../../Plugins/Runtime/Oculus/OculusVR/Content/Meshes/RiftHMD.uasset" 183
"../../Plugins/Runtime/Oculus/OculusVR/Content/Meshes/RightTouchController.uasset" 184
"../../../../../../Users/James/Documents/Unreal Projects/RifleProject/Content/VirtualReality/Mannequin/Character/Mesh/MannequinHand_Right_Skeleton.uasset" 185
"../../../../../../Users/James/Documents/Unreal Projects/RifleProject/Content/VirtualReality/Mannequin/Animations/MannequinHand_Right_Grab.uasset" 186
"../../../Engine/Content/EditorBlueprintResources/StandardMacros.uasset" 187
"../../../../../../Users/James/Documents/Unreal Projects/RifleProject/Content/Materials/PlainMaterial.uasset" 188
"../../../../../../Users/James/Documents/Unreal Projects/RifleProject/Content/Materials/DarkMetal.uasset" 189
"../../../Engine/Content/BasicShapes/Cube.uasset" 190
"../../../../../../Users/James/Documents/Unreal Projects/RifleProject/Content/Environment/Widget_ScoreScreen.uasset" 191
"../../../../../../Users/James/Documents/Unreal Projects/RifleProject/Content/Environment/Actor_ScoreScreen.uasset" 192
"../../../../../../Users/James/Documents/Unreal Projects/RifleProject/Content/VirtualReality/Mannequin/Animations/MannequinHand_Right_CanGrab.uasset" 193
"../../../../../../Users/James/Documents/Unreal Projects/RifleProject/Content/VirtualReality/Mannequin/Animations/MannequinHand_Right_Open.uasset" 194
"../../../../../../Users/James/Documents/Unreal Projects/RifleProject/Content/VirtualReality/Mannequin/Animations/RightGrip_BS.uasset" 195
"../../../../../../Users/James/Documents/Unreal Projects/RifleProject/Content/VirtualRealityBP/Blueprints/GripEnum.uasset" 196
"../../../../../../Users/James/Documents/Unreal Projects/RifleProject/Content/VirtualReality/Mannequin/Animations/RightHand_AnimBP.uasset" 197
"../../../../../../Users/James/Documents/Unreal Projects/RifleProject/Content/Rifle/Grip.uasset" 198
"../../../../../../Users/James/Documents/Unreal Projects/RifleProject/Content/Rifle/Handle.uasset" 199
"../../../../../../Users/James/Documents/Unreal Projects/RifleProject/Content/VirtualRealityBP/Blueprints/MotionControllerHaptics.uasset" 200
"../../../../../../Users/James/Documents/Unreal Projects/RifleProject/Content/VirtualReality/Materials/M_SplineArcMat.uasset" 201
"../../../../../../Users/James/Documents/Unreal Projects/RifleProject/Content/VirtualReality/Materials/MI_ChaperoneOutline.uasset" 202
"../../../Engine/Content/BasicShapes/Sphere.uasset" 203
"../../../../../../Users/James/Documents/Unreal Projects/RifleProject/Content/VirtualReality/Mannequin/Character/Textures/UE4_Mannequin__normals.uasset" 204
"../../../../../../Users/James/Documents/Unreal Projects/RifleProject/Content/VirtualReality/Mannequin/Character/Textures/UE4_Mannequin_MAT_MASKA.uasset" 205
"../../../../../../Users/James/Documents/Unreal Projects/RifleProject/Content/VirtualReality/Mannequin/Character/Materials/M_HandMat.uasset" 206
"../../../../../../Users/James/Documents/Unreal Projects/RifleProject/Content/VirtualReality/Mannequin/Character/Mesh/MannequinHand_Right_PhysicsAsset.uasset" 207
"../../../../../../Users/James/Documents/Unreal Projects/RifleProject/Content/VirtualReality/Mannequin/Character/Mesh/MannequinHand_Right.uasset" 208
"../../../../../../Users/James/Documents/Unreal Projects/RifleProject/Content/VirtualReality/Meshes/1x1_cube.uasset" 209
"../../../../../../Users/James/Documents/Unreal Projects/RifleProject/Content/VirtualReality/Meshes/BeamMesh.uasset" 210
"../../../../../../Users/James/Documents/Unreal Projects/RifleProject/Content/VirtualRealityBP/Blueprints/BP_MotionController.uasset" 211
"../../../../../../Users/James/Documents/Unreal Projects/RifleProject/Content/Textures/Texture_RifleIcon.uasset" 212
"../../../../../../Users/James/Documents/Unreal Projects/RifleProject/Content/Materials/Decal.uasset" 213
"../../../../../../Users/James/Documents/Unreal Projects/RifleProject/Content/Materials/ButtonIcon_Rifle.uasset" 214
"../../../../../../Users/James/Documents/Unreal Projects/RifleProject/Content/Materials/GunButton.uasset" 215
"../../../Engine/Content/BasicShapes/Plane.uasset" 216
"../../../../../../Users/James/Documents/Unreal Projects/RifleProject/Content/GameControls/Button_Master.uasset" 217
"../../../../../../Users/James/Documents/Unreal Projects/RifleProject/Content/GameData/VRInstance.uasset" 218
"../../../../../../Users/James/Documents/Unreal Projects/RifleProject/Content/Materials/Mat_TargetBase.uasset" 219
"../../../../../../Users/James/Documents/Unreal Projects/RifleProject/Content/Materials/MatInst_Target.uasset" 220
"../../../../../../Users/James/Documents/Unreal Projects/RifleProject/Content/SFX/Target_Attenuation.uasset" 221
"../../../../../../Users/James/Documents/Unreal Projects/RifleProject/Content/SFX/TargetDing.uasset" 222
"../../../../../../Users/James/Documents/Unreal Projects/RifleProject/Content/Targets/Target.uasset" 223
"../../../Engine/Content/EditorMaterials/TargetIcon.uasset" 224
"../../../../../../Users/James/Documents/Unreal Projects/RifleProject/Content/Targets/TargetSpawner.uasset" 225
"../../../../../../Users/James/Documents/Unreal Projects/RifleProject/Content/Textures/Texture_PlayIcon.uasset" 226
"../../../../../../Users/James/Documents/Unreal Projects/RifleProject/Content/Materials/ButtonIcon_Play.uasset" 227
"../../../../../../Users/James/Documents/Unreal Projects/RifleProject/Content/Materials/GameButton.uasset" 228
"../../../../../../Users/James/Documents/Unreal Projects/RifleProject/Content/GameControls/Button_GameStart.uasset" 229
"../../../../../../Users/James/Documents/Unreal Projects/RifleProject/Content/Environment/Widget_ChallengeScreen.uasset" 230
"../../../../../../Users/James/Documents/Unreal Projects/RifleProject/Content/SFX/Voiceover/1.uasset" 231
"../../../../../../Users/James/Documents/Unreal Projects/RifleProject/Content/SFX/Voiceover/10SecsRemaining.uasset" 232
"../../../../../../Users/James/Documents/Unreal Projects/RifleProject/Content/SFX/Voiceover/2.uasset" 233
"../../../../../../Users/James/Documents/Unreal Projects/RifleProject/Content/SFX/Voiceover/3.uasset" 234
"../../../../../../Users/James/Documents/Unreal Projects/RifleProject/Content/SFX/Voiceover/ChallengeComplete.uasset" 235
"../../../../../../Users/James/Documents/Unreal Projects/RifleProject/Content/SFX/Voiceover/OpenFire.uasset" 236
"../../../../../../Users/James/Documents/Unreal Projects/RifleProject/Content/Environment/Actor_ChallengeScreen.uasset" 237
"../../../../../../Users/James/Documents/Unreal Projects/RifleProject/Content/Textures/Texture_GlassCrack.uasset" 238
"../../../../../../Users/James/Documents/Unreal Projects/RifleProject/Content/Materials/GlassCrack.uasset" 239
"../../../../../../Users/James/Documents/Unreal Projects/RifleProject/Content/Materials/GlowingMaterial.uasset" 240
"../../../../../../Users/James/Documents/Unreal Projects/RifleProject/Content/Materials/Spotlight.uasset" 241
"../../../../../../Users/James/Documents/Unreal Projects/RifleProject/Content/Materials/Spotlight_Broken.uasset" 242
"../../../Engine/Content/BasicShapes/Cone.uasset" 243
"../../../../../../Users/James/Documents/Unreal Projects/RifleProject/Content/SFX/Glass_Attenuation.uasset" 244
"../../../../../../Users/James/Documents/Unreal Projects/RifleProject/Content/SFX/LampBreak.uasset" 245
"../../../../../../Users/James/Documents/Unreal Projects/RifleProject/Content/Environment/Spotlight.uasset" 246
"../../../../../../Users/James/Documents/Unreal Projects/RifleProject/Content/VirtualRealityBP/Blueprints/MotionControllerPawn.uasset" 247
"../../../../../../Users/James/Documents/Unreal Projects/RifleProject/Content/Materials/Plasma.uasset" 248
"../../../../../../Users/James/Documents/Unreal Projects/RifleProject/Content/Rifle/Projectile/Emitter_ImpactParticles.uasset" 249
"../../../../../../Users/James/Documents/Unreal Projects/RifleProject/Content/Rifle/Projectile/PlasmaBolt.uasset" 250
"../../../../../../Users/James/Documents/Unreal Projects/RifleProject/Content/Meshes/AR15_Mesh.uasset" 251
"../../../../../../Users/James/Documents/Unreal Projects/RifleProject/Content/Textures/Texture_MuzzleFlash.uasset" 252
"../../../../../../Users/James/Documents/Unreal Projects/RifleProject/Content/Materials/MuzzleFlash.uasset" 253
"../../../../../../Users/James/Documents/Unreal Projects/RifleProject/Content/Rifle/Projectile/Emitter_MuzzleFlash.uasset" 254
"../../../../../../Users/James/Documents/Unreal Projects/RifleProject/Content/SFX/Gunshot.uasset" 255
"../../../../../../Users/James/Documents/Unreal Projects/RifleProject/Content/SFX/Gunshot_Attenuation.uasset" 256
"../../../../../../Users/James/Documents/Unreal Projects/RifleProject/Content/Rifle/Rifle.uasset" 257
"../../../../../../Users/James/Documents/Unreal Projects/RifleProject/Content/Textures/RifleSetting_GripSnap.uasset" 258
"../../../../../../Users/James/Documents/Unreal Projects/RifleProject/Content/Textures/RifleSetting_GripToggle.uasset" 259
"../../../../../../Users/James/Documents/Unreal Projects/RifleProject/Content/Textures/RifleSetting_Rotation.uasset" 260
"../../../../../../Users/James/Documents/Unreal Projects/RifleProject/Content/Textures/RifleSetting_SlidingGrip.uasset" 261
"../../../../../../Users/James/Documents/Unreal Projects/RifleProject/Content/Environment/Widget_SettingScreen.uasset" 262
"../../../../../../Users/James/Documents/Unreal Projects/RifleProject/Content/Environment/Actor_SettingScreen.uasset" 263
"../../../../../../Users/James/Documents/Unreal Projects/RifleProject/Content/Materials/Lever_Metal.uasset" 264
"../../../../../../Users/James/Documents/Unreal Projects/RifleProject/Content/Materials/Lever_Rubber.uasset" 265
"../../../../../../Users/James/Documents/Unreal Projects/RifleProject/Content/Meshes/SmallLever.uasset" 266
"../../../../../../Users/James/Documents/Unreal Projects/RifleProject/Content/GameControls/Lever_Setting_Handle.uasset" 267
"../../../../../../Users/James/Documents/Unreal Projects/RifleProject/Content/Materials/Light_Green.uasset" 268
"../../../../../../Users/James/Documents/Unreal Projects/RifleProject/Content/Materials/Light_Red.uasset" 269
"../../../../../../Users/James/Documents/Unreal Projects/RifleProject/Content/Materials/LightMetal.uasset" 270
"../../../../../../Users/James/Documents/Unreal Projects/RifleProject/Content/SFX/Lever_Attenuation.uasset" 271
"../../../../../../Users/James/Documents/Unreal Projects/RifleProject/Content/SFX/LeverSwitchState.uasset" 272
"../../../../../../Users/James/Documents/Unreal Projects/RifleProject/Content/GameControls/Lever_Setting.uasset" 273
"../../../../../../Users/James/Documents/Unreal Projects/RifleProject/Content/GameData/VRGameMode.uasset" 274
"../../../../../../Users/James/Documents/Unreal Projects/RifleProject/Content/Materials/Mat_SpawnParticle.uasset" 275
"../../../../../../Users/James/Documents/Unreal Projects/RifleProject/Content/Rifle/Emitter_RifleSpawnParticles.uasset" 276
"../../../../../../Users/James/Documents/Unreal Projects/RifleProject/Content/GameControls/Button_SpawnRifle.uasset" 277
"../../../../../../Users/James/Documents/Unreal Projects/RifleProject/Content/Spectator/Spectator_Widget.uasset" 278
"../../../../../../Users/James/Documents/Unreal Projects/RifleProject/Content/Spectator/RenderTarget.uasset" 279
"../../../../../../Users/James/Documents/Unreal Projects/RifleProject/Content/Spectator/Spectator_Actor.uasset" 280
"../../../../../../Users/James/Documents/Unreal Projects/RifleProject/Content/VirtualRealityBP/Maps/MotionControllerMap_BuiltData.uasset" 281
"../../../../../../Users/James/Documents/Unreal Projects/RifleProject/Content/Materials/TextRenderMaterial.uasset" 282
"../../../../../../Users/James/Documents/Unreal Projects/RifleProject/Content/Materials/FloorSpace.uasset" 283
"../../../../../../Users/James/Documents/Unreal Projects/RifleProject/Content/Materials/MidMetal.uasset" 284
"../../../../../../Users/James/Documents/Unreal Projects/RifleProject/Content/Materials/Sky.uasset" 285
"../../../Engine/Content/EngineSky/T_Sky_Blue.uasset" 286
"../../../Engine/Content/EngineSky/T_Sky_Clouds_M.uasset" 287
"../../../Engine/Content/EngineSky/T_Sky_Stars.uasset" 288
"../../../Engine/Content/EngineSky/M_Sky_Panning_Clouds2.uasset" 289
"../../../Engine/Content/EngineSky/SM_SkySphere.uasset" 290
"../../../../../../Users/James/Documents/Unreal Projects/RifleProject/Content/SFX/Background_Hum.uasset" 291
"../../../../../../Users/James/Documents/Unreal Projects/RifleProject/Content/VirtualRealityBP/Maps/MotionControllerMap.umap" 292
"../../../Engine/Content/Maps/Entry_BuiltData.uasset" 293
"../../../Engine/Content/Maps/Entry.umap" 294
